This is pdfTeX, Version 3.14159265-2.6-1.40.16 (TeX Live 2015/Debian) (preloaded format=pdflatex 2017.8.23)  14 MAR 2018 13:12
entering extended mode
 restricted \write18 enabled.
 %&-line parsing enabled.
**manual.tex
(./manual.tex
LaTeX2e <2016/02/01>
Babel <3.9q> and hyphenation patterns for 81 language(s) loaded.
(/usr/share/texlive/texmf-dist/tex/latex/base/article.cls
Document Class: article 2014/09/29 v1.4h Standard LaTeX document class
(/usr/share/texlive/texmf-dist/tex/latex/base/size10.clo
File: size10.clo 2014/09/29 v1.4h Standard LaTeX file (size option)
)
\c@part=\count79
\c@section=\count80
\c@subsection=\count81
\c@subsubsection=\count82
\c@paragraph=\count83
\c@subparagraph=\count84
\c@figure=\count85
\c@table=\count86
\abovecaptionskip=\skip41
\belowcaptionskip=\skip42
\bibindent=\dimen102
)
(/usr/share/texlive/texmf-dist/tex/latex/fancyhdr/fancyhdr.sty
\fancy@headwidth=\skip43
\f@ncyO@elh=\skip44
\f@ncyO@erh=\skip45
\f@ncyO@olh=\skip46
\f@ncyO@orh=\skip47
\f@ncyO@elf=\skip48
\f@ncyO@erf=\skip49
\f@ncyO@olf=\skip50
\f@ncyO@orf=\skip51
) (./manual.aux)
\openout1 = `manual.aux'.

LaTeX Font Info:    Checking defaults for OML/cmm/m/it on input line 20.
LaTeX Font Info:    ... okay on input line 20.
LaTeX Font Info:    Checking defaults for T1/cmr/m/n on input line 20.
LaTeX Font Info:    ... okay on input line 20.
LaTeX Font Info:    Checking defaults for OT1/cmr/m/n on input line 20.
LaTeX Font Info:    ... okay on input line 20.
LaTeX Font Info:    Checking defaults for OMS/cmsy/m/n on input line 20.
LaTeX Font Info:    ... okay on input line 20.
LaTeX Font Info:    Checking defaults for OMX/cmex/m/n on input line 20.
LaTeX Font Info:    ... okay on input line 20.
LaTeX Font Info:    Checking defaults for U/cmr/m/n on input line 20.
LaTeX Font Info:    ... okay on input line 20.

(./cover.tex
\saveparskip=\skip52

Overfull \hbox (15.0pt too wide) in paragraph at lines 13--14
[][] 
 []

(./version_no.tex)
Overfull \hbox (15.0pt too wide) in paragraph at lines 31--32
[][] 
 []

[1

{/var/lib/texmf/fonts/map/pdftex/updmap/pdftex.map}] (./copyright.tex
Overfull \hbox (2.11072pt too wide) in paragraph at lines 1--2
[]\OT1/cmr/m/n/10 Copyright (C) 2002-2010 Daniel Diaz, Philippe Codognet and Sa
l-vador Abreu 
 []

) [2])
LaTeX Font Info:    External font `cmex10' loaded for size
(Font)              <7> on input line 29.
LaTeX Font Info:    External font `cmex10' loaded for size
(Font)              <5> on input line 29.
LaTeX Font Info:    Try loading font information for OMS+cmr on input line 46.
 (/usr/share/texlive/texmf-dist/tex/latex/base/omscmr.fd
File: omscmr.fd 2014/09/29 v2.5h Standard LaTeX font definitions
)
LaTeX Font Info:    Font shape `OMS/cmr/m/n' in size <10> not available
(Font)              Font shape `OMS/cmsy/m/n' tried instead on input line 46.

Overfull \hbox (43.7763pt too wide) in paragraph at lines 90--92
[]\OT1/cmr/m/n/10 If the in-clude file is in \OT1/cmtt/m/n/10 /usr/adaptive/inc
lude \OT1/cmr/m/n/10 and the li-brary in \OT1/cmtt/m/n/10 /usr/adaptive/lib\OT1
/cmr/m/n/10 ,
 []


Overfull \hbox (99.99637pt too wide) in paragraph at lines 96--96
 []\OT1/cmtt/m/n/10 gcc -I/usr/adaptive/include -L/usr/adaptive/lib -o problem 
problem.c -lad_solver[] 
 []

[1] [2]
Overfull \hbox (34.78741pt too wide) in paragraph at lines 185--187
[]\OT1/cmtt/m/n/10 int reinit[]after[]if[]swap\OT1/cmr/m/n/10 : see the defin-t
ion of the user func-tion \OT1/cmtt/m/n/10 Cost[]If[]Swap()
 []

[3]
Overfull \hbox (6.3074pt too wide) in paragraph at lines 237--241
[]\OT1/cmtt/m/n/10 int reset[]percent\OT1/cmr/m/n/10 : -1 or the % of vari-able
s to re-set de-fined by a command-
 []


Overfull \hbox (7.24232pt too wide) in paragraph at lines 237--241
\OT1/cmr/m/n/10 line op-tion of the de-fault \OT1/cmtt/m/n/10 main() \OT1/cmr/m
/n/10 func-tion. If it is -1, the \OT1/cmtt/m/n/10 Init[]Parameters()
 []


Overfull \hbox (3.67097pt too wide) in paragraph at lines 237--241
\OT1/cmr/m/n/10 func-tion should ei-ther set it to a per-cent-age or di-rectly 
set the \OT1/cmtt/m/n/10 nb[]var[]reset
 []


Overfull \hbox (2.30768pt too wide) in paragraph at lines 261--265
[]\OT1/cmtt/m/n/10 void Ad[]Display(int *t, AdData *p[]ad, unsigned *mark)\OT1/
cmr/m/n/10 : this func-
 []


Overfull \hbox (2.9504pt too wide) in paragraph at lines 277--284
[]\OT1/cmtt/m/n/10 int Cost[]Of[]Solution(int should[]be[]recorded)\OT1/cmr/m/n
/10 : [MANDA-TORY] this
 []

[4]
Overfull \hbox (12.64246pt too wide) in paragraph at lines 290--295
[]\OT1/cmtt/m/n/10 int Cost[]If[]Swap(int current[]cost, int i, int j)\OT1/cmr/
m/n/10 : [OP-TIONAL] this
 []


Overfull \hbox (28.59271pt too wide) in paragraph at lines 303--307
[]\OT1/cmr/m/n/10 if the vari-able \OT1/cmtt/m/n/10 int reinit[]after[]if[]swap
 \OT1/cmr/m/n/10 is true then \OT1/cmtt/m/n/10 Cost[]Of[]Solution()
 []


Overfull \hbox (5.80554pt too wide) in paragraph at lines 309--312
[]\OT1/cmtt/m/n/10 void Executed[]Swap(int i, int j)\OT1/cmr/m/n/10 : [OP-TIONA
L] this func-tion is called
 []

[5]
Overfull \hbox (7.80714pt too wide) in paragraph at lines 359--365
[]\OT1/cmtt/m/n/10 void Random[]Permut(int *vec, int size, const int *actual[]v
alue,
 []


Overfull \hbox (32.58691pt too wide) in paragraph at lines 367--369
[]\OT1/cmtt/m/n/10 int Random[]Permut[]Check(int *vec, int size, const int *act
ual[]value,
 []


Overfull \hbox (11.5871pt too wide) in paragraph at lines 371--374
[]\OT1/cmtt/m/n/10 void Random[]Permut[](int *vec, int size, const int *actual[
]value,
 []

LaTeX Font Info:    Font shape `OT1/cmtt/bx/n' in size <14.4> not available
(Font)              Font shape `OT1/cmtt/m/n' tried instead on input line 379.
[6]
Overfull \hbox (6.3074pt too wide) in paragraph at lines 419--423
[]\OT1/cmtt/m/n/10 int reset[]percent\OT1/cmr/m/n/10 : -1 or the % of vari-able
s to re-set de-fined by a command-
 []


Overfull \hbox (59.07567pt too wide) in paragraph at lines 430--436
\OT1/cmr/m/n/10 the va-lid-ity of a so-lu-tion. The user must then pro-vide a f
unc-tion \OT1/cmtt/m/n/10 int Check[]Solution(AdData
 []

[7] (./manual.aux) ) 
Here is how much of TeX's memory you used:
 391 strings out of 493029
 4287 string characters out of 6136234
 60918 words of memory out of 5000000
 3988 multiletter control sequences out of 15000+600000
 6969 words of font info for 26 fonts, out of 8000000 for 9000
 1141 hyphenation exceptions out of 8191
 30i,10n,43p,333b,454s stack positions out of 5000i,500n,10000p,200000b,80000s
</usr/share/texlive/texmf-dist/fonts/type1/public/amsfonts/
cm/cmbx10.pfb></usr/share/texlive/texmf-dist/fonts/type1/public/amsfonts/cm/cmb
x12.pfb></usr/share/texlive/texmf-dist/fonts/type1/public/amsfonts/cm/cmmi10.pf
b></usr/share/texlive/texmf-dist/fonts/type1/public/amsfonts/cm/cmmi7.pfb></usr
/share/texlive/texmf-dist/fonts/type1/public/amsfonts/cm/cmr10.pfb></usr/share/
texlive/texmf-dist/fonts/type1/public/amsfonts/cm/cmr12.pfb></usr/share/texlive
/texmf-dist/fonts/type1/public/amsfonts/cm/cmr7.pfb></usr/share/texlive/texmf-d
ist/fonts/type1/public/amsfonts/cm/cmsl10.pfb></usr/share/texlive/texmf-dist/fo
nts/type1/public/amsfonts/cm/cmsltt10.pfb></usr/share/texlive/texmf-dist/fonts/
type1/public/amsfonts/cm/cmsy10.pfb></usr/share/texlive/texmf-dist/fonts/type1/
public/amsfonts/cm/cmti10.pfb></usr/share/texlive/texmf-dist/fonts/type1/public
/amsfonts/cm/cmtt10.pfb></usr/share/texlive/texmf-dist/fonts/type1/public/amsfo
nts/cm/cmtt12.pfb>
Output written on manual.pdf (9 pages, 165072 bytes).
PDF statistics:
 86 PDF objects out of 1000 (max. 8388607)
 61 compressed objects within 1 object stream
 0 named destinations out of 1000 (max. 500000)
 1 words of extra memory for PDF output out of 10000 (max. 10000000)

